<?xml version="1.0" encoding="UTF-8"?>
<testsuite name="com.canvas.entity.CanvasTest" tests="4" skipped="0" failures="0" errors="0" timestamp="2019-01-30T15:46:11" hostname="DESKTOP-STB6OED" time="0.005">
  <properties/>
  <testcase name="ConstructorCalled_ValidDimensions_ShouldReturnCanvas" classname="com.canvas.entity.CanvasTest" time="0.003"/>
  <testcase name="bucketFill_ValidData_ShouldReturnCanvas" classname="com.canvas.entity.CanvasTest" time="0.0"/>
  <testcase name="drawLine_ValidData_ShouldReturnCanvas" classname="com.canvas.entity.CanvasTest" time="0.0"/>
  <testcase name="drawRectangle_validData_ShouldReturnCanvas" classname="com.canvas.entity.CanvasTest" time="0.0"/>
  <system-out><![CDATA[]]></system-out>
  <system-err><![CDATA[]]></system-err>
</testsuite>
